<?xml version="1.0" encoding="UTF-8"?>
<testsuite xmlns:xsi="http://www.w3.org/2001/XMLSchema-instance" xsi:noNamespaceSchemaLocation="https://maven.apache.org/surefire/maven-surefire-plugin/xsd/surefire-test-report-3.0.xsd" version="3.0" name="com.md.basePlatform.controller.AuthControllerTest" time="1.051" tests="6" errors="0" skipped="0" failures="0">
  <properties>
[...]
</properties>
  <testcase name="testLogin_Success" classname="com.md.basePlatform.controller.AuthControllerTest" time="0.426">
    <system-out><![CDATA[2026-06-02T22:41:54.900+08:00  INFO 24456 --- [basePlatform] [           main] t.c.s.AnnotationConfigContextLoaderUtils : Could not detect default configuration classes for test class [com.md.basePlatform.controller.AuthControllerTest]: AuthControllerTest does not declare any static, non-private, non-final, nested classes annotated with @Configuration.
2026-06-02T22:41:54.943+08:00  INFO 24456 --- [basePlatform] [           main] .b.t.c.SpringBootTestContextBootstrapper : Found @SpringBootConfiguration com.md.basePlatform.BasePlatformApplication for test class com.md.basePlatform.controller.AuthControllerTest

  .   ____          _            __ _ _
 /\\ / ___'_ __ _ _(_)_ __  __ _ \ \ \ \
( ( )\___ | '_ | '_| | '_ \/ _` | \ \ \ \
 \\/  ___)| |_)| | | | | || (_| |  ) ) ) )
  '  |____| .__|_| |_|_| |_\__, | / / / /
 =========|_|==============|___/=/_/_/_/
 :: Spring Boot ::                (v3.2.5)

2026-06-02T22:41:55.004+08:00  INFO 24456 --- [basePlatform] [           main] c.m.b.controller.AuthControllerTest      : Starting AuthControllerTest using Java 21.0.11 with PID 24456 (started by m1479 in C:\Users\m1479\Desktop\b\baseplatform)
2026-06-02T22:41:55.004+08:00 DEBUG 24456 --- [basePlatform] [           main] c.m.b.controller.AuthControllerTest      : Running with Spring Boot v3.2.5, Spring v6.1.6
2026-06-02T22:41:55.004+08:00  INFO 24456 --- [basePlatform] [           main] c.m.b.controller.AuthControllerTest      : The following 1 profile is active: "sqlite"
2026-06-02T22:41:55.367+08:00  INFO 24456 --- [basePlatform] [           main] o.s.b.a.w.s.WelcomePageHandlerMapping    : Adding welcome page: class path resource [static/index.html]
2026-06-02T22:41:55.442+08:00  INFO 24456 --- [basePlatform] [           main] o.s.b.t.m.w.SpringBootMockServletContext : Initializing Spring TestDispatcherServlet ''
2026-06-02T22:41:55.442+08:00  INFO 24456 --- [basePlatform] [           main] o.s.t.web.servlet.TestDispatcherServlet  : Initializing Servlet ''
2026-06-02T22:41:55.444+08:00  INFO 24456 --- [basePlatform] [           main] o.s.t.web.servlet.TestDispatcherServlet  : Completed initialization in 1 ms
2026-06-02T22:41:55.453+08:00  INFO 24456 --- [basePlatform] [           main] c.m.b.controller.AuthControllerTest      : Started AuthControllerTest in 0.506 seconds (process running for 5.152)
2026-06-02T22:41:55.678+08:00  INFO 24456 --- [basePlatform] [           main] c.m.b.interceptor.RequestLogInterceptor  : 【请求开始】 method=POST, url=/api/auth/login, queryString=null, params=, clientIp=127.0.0.1
2026-06-02T22:41:55.798+08:00  INFO 24456 --- [basePlatform] [           main] c.m.b.controller.AuthController          : 登录请求: username=admin
2026-06-02T22:41:55.826+08:00  INFO 24456 --- [basePlatform] [           main] c.m.b.interceptor.RequestLogInterceptor  : 【请求结束】 method=POST, url=/api/auth/login, statusCode=200, duration=148ms
]]></system-out>
  </testcase>
  <testcase name="testLogin_WrongCredentials" classname="com.md.basePlatform.controller.AuthControllerTest" time="0.014">
    <system-out><![CDATA[2026-06-02T22:41:55.896+08:00  INFO 24456 --- [basePlatform] [           main] c.m.b.interceptor.RequestLogInterceptor  : 【请求开始】 method=POST, url=/api/auth/login, queryString=null, params=, clientIp=127.0.0.1
2026-06-02T22:41:55.897+08:00  INFO 24456 --- [basePlatform] [           main] c.m.b.controller.AuthController          : 登录请求: username=admin
2026-06-02T22:41:55.901+08:00  WARN 24456 --- [basePlatform] [           main] c.m.b.exception.GlobalExceptionHandler   : 业务异常: code=401, message=用户名或密码错误
2026-06-02T22:41:55.901+08:00  INFO 24456 --- [basePlatform] [           main] c.m.b.interceptor.RequestLogInterceptor  : 【请求结束】 method=POST, url=/api/auth/login, statusCode=401, duration=8ms
]]></system-out>
  </testcase>
  <testcase name="testGetUserInfo_NotFound" classname="com.md.basePlatform.controller.AuthControllerTest" time="0.006">
    <system-out><![CDATA[2026-06-02T22:41:55.907+08:00  INFO 24456 --- [basePlatform] [           main] c.m.b.interceptor.RequestLogInterceptor  : 【请求开始】 method=GET, url=/api/auth/user/9999, queryString=null, params=, clientIp=127.0.0.1
2026-06-02T22:41:55.910+08:00  WARN 24456 --- [basePlatform] [           main] c.m.b.exception.GlobalExceptionHandler   : 业务异常: code=404, message=用户不存在
2026-06-02T22:41:55.910+08:00  INFO 24456 --- [basePlatform] [           main] c.m.b.interceptor.RequestLogInterceptor  : 【请求结束】 method=GET, url=/api/auth/user/9999, statusCode=400, duration=3ms
]]></system-out>
  </testcase>
  <testcase name="testLogin_ValidationError" classname="com.md.basePlatform.controller.AuthControllerTest" time="0.017">
    <system-out><![CDATA[2026-06-02T22:41:55.915+08:00  INFO 24456 --- [basePlatform] [           main] c.m.b.interceptor.RequestLogInterceptor  : 【请求开始】 method=POST, url=/api/auth/login, queryString=null, params=, clientIp=127.0.0.1
2026-06-02T22:41:55.923+08:00  WARN 24456 --- [basePlatform] [           main] c.m.b.exception.GlobalExceptionHandler   : 参数校验失败: {password=密码不能为空, username=用户名不能为空}
2026-06-02T22:41:55.928+08:00  INFO 24456 --- [basePlatform] [           main] c.m.b.interceptor.RequestLogInterceptor  : 【请求结束】 method=POST, url=/api/auth/login, statusCode=400, duration=13ms
]]></system-out>
  </testcase>
  <testcase name="testGetUserInfo_Success" classname="com.md.basePlatform.controller.AuthControllerTest" time="0.004">
    <system-out><![CDATA[2026-06-02T22:41:55.933+08:00  INFO 24456 --- [basePlatform] [           main] c.m.b.interceptor.RequestLogInterceptor  : 【请求开始】 method=GET, url=/api/auth/user/1, queryString=null, params=, clientIp=127.0.0.1
2026-06-02T22:41:55.934+08:00  INFO 24456 --- [basePlatform] [           main] c.m.b.interceptor.RequestLogInterceptor  : 【请求结束】 method=GET, url=/api/auth/user/1, statusCode=200, duration=1ms
]]></system-out>
  </testcase>
  <testcase name="testLogin_DisabledAccount" classname="com.md.basePlatform.controller.AuthControllerTest" time="0.007">
    <system-out><![CDATA[2026-06-02T22:41:55.940+08:00  INFO 24456 --- [basePlatform] [           main] c.m.b.interceptor.RequestLogInterceptor  : 【请求开始】 method=POST, url=/api/auth/login, queryString=null, params=, clientIp=127.0.0.1
2026-06-02T22:41:55.941+08:00  INFO 24456 --- [basePlatform] [           main] c.m.b.controller.AuthController          : 登录请求: username=disabled
2026-06-02T22:41:55.941+08:00  WARN 24456 --- [basePlatform] [           main] c.m.b.exception.GlobalExceptionHandler   : 业务异常: code=401, message=账号已被禁用
2026-06-02T22:41:55.942+08:00  INFO 24456 --- [basePlatform] [           main] c.m.b.interceptor.RequestLogInterceptor  : 【请求结束】 method=POST, url=/api/auth/login, statusCode=401, duration=2ms
]]></system-out>
  </testcase>
</testsuite>