<?xml version="1.0" encoding="UTF-8"?>
<testsuite xmlns:xsi="http://www.w3.org/2001/XMLSchema-instance" xsi:noNamespaceSchemaLocation="https://maven.apache.org/surefire/maven-surefire-plugin/xsd/surefire-test-report-3.0.xsd" version="3.0" name="com.md.basePlatform.service.UserServiceTest" time="0.056" tests="7" errors="0" skipped="0" failures="0">
  <properties>
[...]
</properties>
  <testcase name="testLogin_Success" classname="com.md.basePlatform.service.UserServiceTest" time="0.009">
    <system-out><![CDATA[2026-06-02T22:41:56.843+08:00  INFO 24456 --- [basePlatform] [           main] t.c.s.AnnotationConfigContextLoaderUtils : Could not detect default configuration classes for test class [com.md.basePlatform.service.UserServiceTest]: UserServiceTest does not declare any static, non-private, non-final, nested classes annotated with @Configuration.
2026-06-02T22:41:56.845+08:00  INFO 24456 --- [basePlatform] [           main] .b.t.c.SpringBootTestContextBootstrapper : Found @SpringBootConfiguration com.md.basePlatform.BasePlatformApplication for test class com.md.basePlatform.service.UserServiceTest
2026-06-02T22:41:56.850+08:00  INFO 24456 --- [basePlatform] [           main] c.m.b.service.impl.UserServiceImpl       : 用户登录: username=admin
Creating a new SqlSession
Registering transaction synchronization for SqlSession [org.apache.ibatis.session.defaults.DefaultSqlSession@17d83fe4]
JDBC Connection [com.alibaba.druid.pool.DruidStatementConnection@1cb73a92] will be managed by Spring
==>  Preparing: SELECT id, username, password, status, create_time, update_time FROM sys_user WHERE username = ?
==> Parameters: admin(String)
<==    Columns: id, username, password, status, create_time, update_time
<==        Row: 4, admin, 367910497c6d4e73213f31aa1ee86a9a, 1, 2026-06-02 14:41:53, 2026-06-02 14:41:53
<==      Total: 1
Releasing transactional SqlSession [org.apache.ibatis.session.defaults.DefaultSqlSession@17d83fe4]
2026-06-02T22:41:56.855+08:00  INFO 24456 --- [basePlatform] [           main] c.m.b.service.impl.UserServiceImpl       : 用户登录成功: id=4, username=admin
2026-06-02T22:41:56.856+08:00  INFO 24456 --- [basePlatform] [           main] c.m.b.service.impl.UserServiceImpl       : 用户登录: username=admin
Fetched SqlSession [org.apache.ibatis.session.defaults.DefaultSqlSession@17d83fe4] from current transaction
Releasing transactional SqlSession [org.apache.ibatis.session.defaults.DefaultSqlSession@17d83fe4]
2026-06-02T22:41:56.856+08:00  INFO 24456 --- [basePlatform] [           main] c.m.b.service.impl.UserServiceImpl       : 用户登录成功: id=4, username=admin
Transaction synchronization deregistering SqlSession [org.apache.ibatis.session.defaults.DefaultSqlSession@17d83fe4]
Transaction synchronization closing SqlSession [org.apache.ibatis.session.defaults.DefaultSqlSession@17d83fe4]
]]></system-out>
  </testcase>
  <testcase name="testFindByUsername_Success" classname="com.md.basePlatform.service.UserServiceTest" time="0.005">
    <system-out><![CDATA[2026-06-02T22:41:56.860+08:00  INFO 24456 --- [basePlatform] [           main] c.m.b.service.impl.UserServiceImpl       : 用户登录: username=admin
Creating a new SqlSession
Registering transaction synchronization for SqlSession [org.apache.ibatis.session.defaults.DefaultSqlSession@5cd2adc7]
JDBC Connection [com.alibaba.druid.pool.DruidStatementConnection@1cb73a92] will be managed by Spring
==>  Preparing: SELECT id, username, password, status, create_time, update_time FROM sys_user WHERE username = ?
==> Parameters: admin(String)
<==    Columns: id, username, password, status, create_time, update_time
<==        Row: 4, admin, 367910497c6d4e73213f31aa1ee86a9a, 1, 2026-06-02 14:41:53, 2026-06-02 14:41:53
<==      Total: 1
Releasing transactional SqlSession [org.apache.ibatis.session.defaults.DefaultSqlSession@5cd2adc7]
2026-06-02T22:41:56.862+08:00  INFO 24456 --- [basePlatform] [           main] c.m.b.service.impl.UserServiceImpl       : 用户登录成功: id=4, username=admin
2026-06-02T22:41:56.862+08:00  INFO 24456 --- [basePlatform] [           main] c.m.b.service.impl.UserServiceImpl       : 查询用户详情: username=admin
Fetched SqlSession [org.apache.ibatis.session.defaults.DefaultSqlSession@5cd2adc7] from current transaction
Releasing transactional SqlSession [org.apache.ibatis.session.defaults.DefaultSqlSession@5cd2adc7]
Transaction synchronization deregistering SqlSession [org.apache.ibatis.session.defaults.DefaultSqlSession@5cd2adc7]
Transaction synchronization closing SqlSession [org.apache.ibatis.session.defaults.DefaultSqlSession@5cd2adc7]
]]></system-out>
  </testcase>
  <testcase name="testLogin_UserNotFound" classname="com.md.basePlatform.service.UserServiceTest" time="0.004">
    <system-out><![CDATA[2026-06-02T22:41:56.865+08:00  INFO 24456 --- [basePlatform] [           main] c.m.b.service.impl.UserServiceImpl       : 用户登录: username=admin
Creating a new SqlSession
Registering transaction synchronization for SqlSession [org.apache.ibatis.session.defaults.DefaultSqlSession@35bf6dba]
JDBC Connection [com.alibaba.druid.pool.DruidStatementConnection@1cb73a92] will be managed by Spring
==>  Preparing: SELECT id, username, password, status, create_time, update_time FROM sys_user WHERE username = ?
==> Parameters: admin(String)
<==    Columns: id, username, password, status, create_time, update_time
<==        Row: 4, admin, 367910497c6d4e73213f31aa1ee86a9a, 1, 2026-06-02 14:41:53, 2026-06-02 14:41:53
<==      Total: 1
Releasing transactional SqlSession [org.apache.ibatis.session.defaults.DefaultSqlSession@35bf6dba]
2026-06-02T22:41:56.866+08:00  INFO 24456 --- [basePlatform] [           main] c.m.b.service.impl.UserServiceImpl       : 用户登录成功: id=4, username=admin
2026-06-02T22:41:56.867+08:00  INFO 24456 --- [basePlatform] [           main] c.m.b.service.impl.UserServiceImpl       : 用户登录: username=nonexistent
Fetched SqlSession [org.apache.ibatis.session.defaults.DefaultSqlSession@35bf6dba] from current transaction
==>  Preparing: SELECT id, username, password, status, create_time, update_time FROM sys_user WHERE username = ?
==> Parameters: nonexistent(String)
<==      Total: 0
Releasing transactional SqlSession [org.apache.ibatis.session.defaults.DefaultSqlSession@35bf6dba]
Transaction synchronization deregistering SqlSession [org.apache.ibatis.session.defaults.DefaultSqlSession@35bf6dba]
Transaction synchronization closing SqlSession [org.apache.ibatis.session.defaults.DefaultSqlSession@35bf6dba]
]]></system-out>
  </testcase>
  <testcase name="testLogin_WrongPassword" classname="com.md.basePlatform.service.UserServiceTest" time="0.004">
    <system-out><![CDATA[2026-06-02T22:41:56.871+08:00  INFO 24456 --- [basePlatform] [           main] c.m.b.service.impl.UserServiceImpl       : 用户登录: username=admin
Creating a new SqlSession
Registering transaction synchronization for SqlSession [org.apache.ibatis.session.defaults.DefaultSqlSession@753c7411]
JDBC Connection [com.alibaba.druid.pool.DruidStatementConnection@1cb73a92] will be managed by Spring
==>  Preparing: SELECT id, username, password, status, create_time, update_time FROM sys_user WHERE username = ?
==> Parameters: admin(String)
<==    Columns: id, username, password, status, create_time, update_time
<==        Row: 4, admin, 367910497c6d4e73213f31aa1ee86a9a, 1, 2026-06-02 14:41:53, 2026-06-02 14:41:53
<==      Total: 1
Releasing transactional SqlSession [org.apache.ibatis.session.defaults.DefaultSqlSession@753c7411]
2026-06-02T22:41:56.873+08:00  INFO 24456 --- [basePlatform] [           main] c.m.b.service.impl.UserServiceImpl       : 用户登录成功: id=4, username=admin
2026-06-02T22:41:56.874+08:00  INFO 24456 --- [basePlatform] [           main] c.m.b.service.impl.UserServiceImpl       : 用户登录: username=admin
Fetched SqlSession [org.apache.ibatis.session.defaults.DefaultSqlSession@753c7411] from current transaction
Releasing transactional SqlSession [org.apache.ibatis.session.defaults.DefaultSqlSession@753c7411]
Transaction synchronization deregistering SqlSession [org.apache.ibatis.session.defaults.DefaultSqlSession@753c7411]
Transaction synchronization closing SqlSession [org.apache.ibatis.session.defaults.DefaultSqlSession@753c7411]
]]></system-out>
  </testcase>
  <testcase name="testFindById_Success" classname="com.md.basePlatform.service.UserServiceTest" time="0.005">
    <system-out><![CDATA[2026-06-02T22:41:56.876+08:00  INFO 24456 --- [basePlatform] [           main] c.m.b.service.impl.UserServiceImpl       : 用户登录: username=admin
Creating a new SqlSession
Registering transaction synchronization for SqlSession [org.apache.ibatis.session.defaults.DefaultSqlSession@5b58f639]
JDBC Connection [com.alibaba.druid.pool.DruidStatementConnection@1cb73a92] will be managed by Spring
==>  Preparing: SELECT id, username, password, status, create_time, update_time FROM sys_user WHERE username = ?
==> Parameters: admin(String)
<==    Columns: id, username, password, status, create_time, update_time
<==        Row: 4, admin, 367910497c6d4e73213f31aa1ee86a9a, 1, 2026-06-02 14:41:53, 2026-06-02 14:41:53
<==      Total: 1
Releasing transactional SqlSession [org.apache.ibatis.session.defaults.DefaultSqlSession@5b58f639]
2026-06-02T22:41:56.876+08:00  INFO 24456 --- [basePlatform] [           main] c.m.b.service.impl.UserServiceImpl       : 用户登录成功: id=4, username=admin
2026-06-02T22:41:56.876+08:00  INFO 24456 --- [basePlatform] [           main] c.m.b.service.impl.UserServiceImpl       : 查询用户详情: id=4
Fetched SqlSession [org.apache.ibatis.session.defaults.DefaultSqlSession@5b58f639] from current transaction
==>  Preparing: SELECT id, username, password, status, create_time, update_time FROM sys_user WHERE id = ?
==> Parameters: 4(Long)
<==    Columns: id, username, password, status, create_time, update_time
<==        Row: 4, admin, 367910497c6d4e73213f31aa1ee86a9a, 1, 2026-06-02 14:41:53, 2026-06-02 14:41:53
<==      Total: 1
Releasing transactional SqlSession [org.apache.ibatis.session.defaults.DefaultSqlSession@5b58f639]
Transaction synchronization deregistering SqlSession [org.apache.ibatis.session.defaults.DefaultSqlSession@5b58f639]
Transaction synchronization closing SqlSession [org.apache.ibatis.session.defaults.DefaultSqlSession@5b58f639]
]]></system-out>
  </testcase>
  <testcase name="testFindByUsername_NotFound" classname="com.md.basePlatform.service.UserServiceTest" time="0.005">
    <system-out><![CDATA[2026-06-02T22:41:56.884+08:00  INFO 24456 --- [basePlatform] [           main] c.m.b.service.impl.UserServiceImpl       : 用户登录: username=admin
Creating a new SqlSession
Registering transaction synchronization for SqlSession [org.apache.ibatis.session.defaults.DefaultSqlSession@76641439]
JDBC Connection [com.alibaba.druid.pool.DruidStatementConnection@1cb73a92] will be managed by Spring
==>  Preparing: SELECT id, username, password, status, create_time, update_time FROM sys_user WHERE username = ?
==> Parameters: admin(String)
<==    Columns: id, username, password, status, create_time, update_time
<==        Row: 4, admin, 367910497c6d4e73213f31aa1ee86a9a, 1, 2026-06-02 14:41:53, 2026-06-02 14:41:53
<==      Total: 1
Releasing transactional SqlSession [org.apache.ibatis.session.defaults.DefaultSqlSession@76641439]
2026-06-02T22:41:56.884+08:00  INFO 24456 --- [basePlatform] [           main] c.m.b.service.impl.UserServiceImpl       : 用户登录成功: id=4, username=admin
2026-06-02T22:41:56.886+08:00  INFO 24456 --- [basePlatform] [           main] c.m.b.service.impl.UserServiceImpl       : 查询用户详情: username=nonexistent
Fetched SqlSession [org.apache.ibatis.session.defaults.DefaultSqlSession@76641439] from current transaction
==>  Preparing: SELECT id, username, password, status, create_time, update_time FROM sys_user WHERE username = ?
==> Parameters: nonexistent(String)
<==      Total: 0
Releasing transactional SqlSession [org.apache.ibatis.session.defaults.DefaultSqlSession@76641439]
Transaction synchronization deregistering SqlSession [org.apache.ibatis.session.defaults.DefaultSqlSession@76641439]
Transaction synchronization closing SqlSession [org.apache.ibatis.session.defaults.DefaultSqlSession@76641439]
]]></system-out>
  </testcase>
  <testcase name="testFindById_NotFound" classname="com.md.basePlatform.service.UserServiceTest" time="0.007">
    <system-out><![CDATA[2026-06-02T22:41:56.892+08:00  INFO 24456 --- [basePlatform] [           main] c.m.b.service.impl.UserServiceImpl       : 用户登录: username=admin
Creating a new SqlSession
Registering transaction synchronization for SqlSession [org.apache.ibatis.session.defaults.DefaultSqlSession@58267ba1]
JDBC Connection [com.alibaba.druid.pool.DruidStatementConnection@1cb73a92] will be managed by Spring
==>  Preparing: SELECT id, username, password, status, create_time, update_time FROM sys_user WHERE username = ?
==> Parameters: admin(String)
<==    Columns: id, username, password, status, create_time, update_time
<==        Row: 4, admin, 367910497c6d4e73213f31aa1ee86a9a, 1, 2026-06-02 14:41:53, 2026-06-02 14:41:53
<==      Total: 1
Releasing transactional SqlSession [org.apache.ibatis.session.defaults.DefaultSqlSession@58267ba1]
2026-06-02T22:41:56.893+08:00  INFO 24456 --- [basePlatform] [           main] c.m.b.service.impl.UserServiceImpl       : 用户登录成功: id=4, username=admin
2026-06-02T22:41:56.894+08:00  INFO 24456 --- [basePlatform] [           main] c.m.b.service.impl.UserServiceImpl       : 查询用户详情: id=9999
Fetched SqlSession [org.apache.ibatis.session.defaults.DefaultSqlSession@58267ba1] from current transaction
==>  Preparing: SELECT id, username, password, status, create_time, update_time FROM sys_user WHERE id = ?
==> Parameters: 9999(Long)
<==      Total: 0
Releasing transactional SqlSession [org.apache.ibatis.session.defaults.DefaultSqlSession@58267ba1]
Transaction synchronization deregistering SqlSession [org.apache.ibatis.session.defaults.DefaultSqlSession@58267ba1]
Transaction synchronization closing SqlSession [org.apache.ibatis.session.defaults.DefaultSqlSession@58267ba1]
]]></system-out>
  </testcase>
</testsuite>