<?xml version="1.0" encoding="UTF-8"?>
<testsuite xmlns:xsi="http://www.w3.org/2001/XMLSchema-instance" xsi:noNamespaceSchemaLocation="https://maven.apache.org/surefire/maven-surefire-plugin/xsd/surefire-test-report-3.0.xsd" version="3.0" name="com.md.basePlatform.controller.DroneControllerTest" time="0.494" tests="9" errors="0" skipped="0" failures="0">
  <properties>
[...]
</properties>
  <testcase name="testDelete_Success" classname="com.md.basePlatform.controller.DroneControllerTest" time="0.022">
    <system-out><![CDATA[2026-06-02T22:41:55.951+08:00  INFO 24456 --- [basePlatform] [           main] t.c.s.AnnotationConfigContextLoaderUtils : Could not detect default configuration classes for test class [com.md.basePlatform.controller.DroneControllerTest]: DroneControllerTest does not declare any static, non-private, non-final, nested classes annotated with @Configuration.
2026-06-02T22:41:55.962+08:00  INFO 24456 --- [basePlatform] [           main] .b.t.c.SpringBootTestContextBootstrapper : Found @SpringBootConfiguration com.md.basePlatform.BasePlatformApplication for test class com.md.basePlatform.controller.DroneControllerTest

  .   ____          _            __ _ _
 /\\ / ___'_ __ _ _(_)_ __  __ _ \ \ \ \
( ( )\___ | '_ | '_| | '_ \/ _` | \ \ \ \
 \\/  ___)| |_)| | | | | || (_| |  ) ) ) )
  '  |____| .__|_| |_|_| |_\__, | / / / /
 =========|_|==============|___/=/_/_/_/
 :: Spring Boot ::                (v3.2.5)

2026-06-02T22:41:56.011+08:00  INFO 24456 --- [basePlatform] [           main] c.m.b.controller.DroneControllerTest     : Starting DroneControllerTest using Java 21.0.11 with PID 24456 (started by m1479 in C:\Users\m1479\Desktop\b\baseplatform)
2026-06-02T22:41:56.011+08:00 DEBUG 24456 --- [basePlatform] [           main] c.m.b.controller.DroneControllerTest     : Running with Spring Boot v3.2.5, Spring v6.1.6
2026-06-02T22:41:56.012+08:00  INFO 24456 --- [basePlatform] [           main] c.m.b.controller.DroneControllerTest     : The following 1 profile is active: "sqlite"
2026-06-02T22:41:56.224+08:00  INFO 24456 --- [basePlatform] [           main] o.s.b.a.w.s.WelcomePageHandlerMapping    : Adding welcome page: class path resource [static/index.html]
2026-06-02T22:41:56.258+08:00  INFO 24456 --- [basePlatform] [           main] o.s.b.t.m.w.SpringBootMockServletContext : Initializing Spring TestDispatcherServlet ''
2026-06-02T22:41:56.258+08:00  INFO 24456 --- [basePlatform] [           main] o.s.t.web.servlet.TestDispatcherServlet  : Initializing Servlet ''
2026-06-02T22:41:56.258+08:00  INFO 24456 --- [basePlatform] [           main] o.s.t.web.servlet.TestDispatcherServlet  : Completed initialization in 0 ms
2026-06-02T22:41:56.262+08:00  INFO 24456 --- [basePlatform] [           main] c.m.b.controller.DroneControllerTest     : Started DroneControllerTest in 0.296 seconds (process running for 5.962)
2026-06-02T22:41:56.269+08:00  INFO 24456 --- [basePlatform] [           main] c.m.b.interceptor.RequestLogInterceptor  : 【请求开始】 method=DELETE, url=/api/drone/1, queryString=null, params=, clientIp=127.0.0.1
2026-06-02T22:41:56.281+08:00  INFO 24456 --- [basePlatform] [           main] c.m.b.controller.DroneController         : 删除无人机请求: id=1
2026-06-02T22:41:56.285+08:00  INFO 24456 --- [basePlatform] [           main] c.m.b.interceptor.RequestLogInterceptor  : 【请求结束】 method=DELETE, url=/api/drone/1, statusCode=200, duration=16ms
]]></system-out>
  </testcase>
  <testcase name="testGetById_NotFound" classname="com.md.basePlatform.controller.DroneControllerTest" time="0.006">
    <system-out><![CDATA[2026-06-02T22:41:56.291+08:00  INFO 24456 --- [basePlatform] [           main] c.m.b.interceptor.RequestLogInterceptor  : 【请求开始】 method=GET, url=/api/drone/9999, queryString=null, params=, clientIp=127.0.0.1
2026-06-02T22:41:56.292+08:00  INFO 24456 --- [basePlatform] [           main] c.m.b.controller.DroneController         : 查询无人机详情请求: id=9999
2026-06-02T22:41:56.293+08:00  WARN 24456 --- [basePlatform] [           main] c.m.b.exception.GlobalExceptionHandler   : 业务异常: code=400, message=无人机不存在
2026-06-02T22:41:56.294+08:00  INFO 24456 --- [basePlatform] [           main] c.m.b.interceptor.RequestLogInterceptor  : 【请求结束】 method=GET, url=/api/drone/9999, statusCode=400, duration=3ms
]]></system-out>
  </testcase>
  <testcase name="testGetById_Success" classname="com.md.basePlatform.controller.DroneControllerTest" time="0.017">
    <system-out><![CDATA[2026-06-02T22:41:56.300+08:00  INFO 24456 --- [basePlatform] [           main] c.m.b.interceptor.RequestLogInterceptor  : 【请求开始】 method=GET, url=/api/drone/1, queryString=null, params=, clientIp=127.0.0.1
2026-06-02T22:41:56.301+08:00  INFO 24456 --- [basePlatform] [           main] c.m.b.controller.DroneController         : 查询无人机详情请求: id=1
2026-06-02T22:41:56.312+08:00  INFO 24456 --- [basePlatform] [           main] c.m.b.interceptor.RequestLogInterceptor  : 【请求结束】 method=GET, url=/api/drone/1, statusCode=200, duration=12ms
]]></system-out>
  </testcase>
  <testcase name="testList_WithSearchKeyword" classname="com.md.basePlatform.controller.DroneControllerTest" time="0.027">
    <system-out><![CDATA[2026-06-02T22:41:56.319+08:00  INFO 24456 --- [basePlatform] [           main] c.m.b.interceptor.RequestLogInterceptor  : 【请求开始】 method=GET, url=/api/drone, queryString=null, params=pageNum=1&pageSize=10&keyword=SearchResult, clientIp=127.0.0.1
2026-06-02T22:41:56.325+08:00  INFO 24456 --- [basePlatform] [           main] c.m.b.controller.DroneController         : 查询无人机列表请求: query=DroneQuery(keyword=SearchResult, name=null, model=null, manufacturer=null, status=null), pageNum=1, pageSize=10
2026-06-02T22:41:56.340+08:00  INFO 24456 --- [basePlatform] [           main] c.m.b.interceptor.RequestLogInterceptor  : 【请求结束】 method=GET, url=/api/drone, statusCode=200, duration=21ms
]]></system-out>
  </testcase>
  <testcase name="testList_ShouldReturnPagedResult" classname="com.md.basePlatform.controller.DroneControllerTest" time="0.005">
    <system-out><![CDATA[2026-06-02T22:41:56.346+08:00  INFO 24456 --- [basePlatform] [           main] c.m.b.interceptor.RequestLogInterceptor  : 【请求开始】 method=GET, url=/api/drone, queryString=null, params=pageNum=1&pageSize=10, clientIp=127.0.0.1
2026-06-02T22:41:56.346+08:00  INFO 24456 --- [basePlatform] [           main] c.m.b.controller.DroneController         : 查询无人机列表请求: query=DroneQuery(keyword=null, name=null, model=null, manufacturer=null, status=null), pageNum=1, pageSize=10
2026-06-02T22:41:56.347+08:00  INFO 24456 --- [basePlatform] [           main] c.m.b.interceptor.RequestLogInterceptor  : 【请求结束】 method=GET, url=/api/drone, statusCode=200, duration=1ms
]]></system-out>
  </testcase>
  <testcase name="testDelete_NotFound" classname="com.md.basePlatform.controller.DroneControllerTest" time="0.011">
    <system-out><![CDATA[2026-06-02T22:41:56.350+08:00  INFO 24456 --- [basePlatform] [           main] c.m.b.interceptor.RequestLogInterceptor  : 【请求开始】 method=DELETE, url=/api/drone/9999, queryString=null, params=, clientIp=127.0.0.1
2026-06-02T22:41:56.350+08:00  INFO 24456 --- [basePlatform] [           main] c.m.b.controller.DroneController         : 删除无人机请求: id=9999
2026-06-02T22:41:56.352+08:00  WARN 24456 --- [basePlatform] [           main] c.m.b.exception.GlobalExceptionHandler   : 业务异常: code=400, message=无人机不存在
2026-06-02T22:41:56.353+08:00  INFO 24456 --- [basePlatform] [           main] c.m.b.interceptor.RequestLogInterceptor  : 【请求结束】 method=DELETE, url=/api/drone/9999, statusCode=400, duration=3ms
]]></system-out>
  </testcase>
  <testcase name="testCreate_ValidationError" classname="com.md.basePlatform.controller.DroneControllerTest" time="0.05">
    <system-out><![CDATA[2026-06-02T22:41:56.366+08:00  INFO 24456 --- [basePlatform] [           main] c.m.b.interceptor.RequestLogInterceptor  : 【请求开始】 method=POST, url=/api/drone, queryString=null, params=, clientIp=127.0.0.1
2026-06-02T22:41:56.408+08:00  WARN 24456 --- [basePlatform] [           main] c.m.b.exception.GlobalExceptionHandler   : 参数校验失败: {name=无人机名称不能为空, weight=重量不能为空, model=型号不能为空, batteryCapacity=电池容量不能为空, flightTime=续航时间不能为空}
2026-06-02T22:41:56.410+08:00  INFO 24456 --- [basePlatform] [           main] c.m.b.interceptor.RequestLogInterceptor  : 【请求结束】 method=POST, url=/api/drone, statusCode=400, duration=44ms
]]></system-out>
  </testcase>
  <testcase name="testUpdate_Success" classname="com.md.basePlatform.controller.DroneControllerTest" time="0.02">
    <system-out><![CDATA[2026-06-02T22:41:56.416+08:00  INFO 24456 --- [basePlatform] [           main] c.m.b.interceptor.RequestLogInterceptor  : 【请求开始】 method=PUT, url=/api/drone/1, queryString=null, params=, clientIp=127.0.0.1
2026-06-02T22:41:56.421+08:00  INFO 24456 --- [basePlatform] [           main] c.m.b.controller.DroneController         : 更新无人机请求: id=1, dto=DroneDTO(id=null, name=Updated, model=U-100, manufacturer=null, weight=2.0, maxAltitude=null, maxSpeed=null, batteryCapacity=5000, flightTime=40, cameraResolution=null, status=null, createTime=null, updateTime=null)
2026-06-02T22:41:56.433+08:00  INFO 24456 --- [basePlatform] [           main] c.m.b.interceptor.RequestLogInterceptor  : 【请求结束】 method=PUT, url=/api/drone/1, statusCode=200, duration=17ms
]]></system-out>
  </testcase>
  <testcase name="testCreate_Success" classname="com.md.basePlatform.controller.DroneControllerTest" time="0.004">
    <system-out><![CDATA[2026-06-02T22:41:56.436+08:00  INFO 24456 --- [basePlatform] [           main] c.m.b.interceptor.RequestLogInterceptor  : 【请求开始】 method=POST, url=/api/drone, queryString=null, params=, clientIp=127.0.0.1
2026-06-02T22:41:56.438+08:00  INFO 24456 --- [basePlatform] [           main] c.m.b.controller.DroneController         : 创建无人机请求: dto=DroneDTO(id=null, name=NewDrone, model=N-100, manufacturer=null, weight=2.0, maxAltitude=null, maxSpeed=null, batteryCapacity=5000, flightTime=40, cameraResolution=null, status=null, createTime=null, updateTime=null)
2026-06-02T22:41:56.439+08:00  INFO 24456 --- [basePlatform] [           main] c.m.b.interceptor.RequestLogInterceptor  : 【请求结束】 method=POST, url=/api/drone, statusCode=201, duration=3ms
]]></system-out>
  </testcase>
</testsuite>