<?xml version="1.0" encoding="UTF-8"?>
<testsuite xmlns:xsi="http://www.w3.org/2001/XMLSchema-instance" xsi:noNamespaceSchemaLocation="https://maven.apache.org/surefire/maven-surefire-plugin/xsd/surefire-test-report.xsd" name="com.example.uav.service.UavServiceImplTest" time="0.055" tests="8" errors="0" skipped="0" failures="0">
  <properties>
[...]
</properties>
  <testcase name="should_return_uav_when_query_by_id" classname="com.example.uav.service.UavServiceImplTest" time="0.032"/>
  <testcase name="should_insert_uav_when_save" classname="com.example.uav.service.UavServiceImplTest" time="0.003"/>
  <testcase name="should_return_null_description_when_no_ai_description" classname="com.example.uav.service.UavServiceImplTest" time="0"/>
  <testcase name="should_update_uav_when_modify" classname="com.example.uav.service.UavServiceImplTest" time="0.005"/>
  <testcase name="should_delete_uav_when_remove" classname="com.example.uav.service.UavServiceImplTest" time="0.003"/>
  <testcase name="should_return_uav_list_when_query" classname="com.example.uav.service.UavServiceImplTest" time="0.004"/>
  <testcase name="should_generate_ai_attributes_for_quadcopter" classname="com.example.uav.service.UavServiceImplTest" time="0.003"/>
  <testcase name="should_generate_ai_attributes_for_fixed_wing" classname="com.example.uav.service.UavServiceImplTest" time="0.004"/>
</testsuite>